[solacat.info/index.html]
[backblue.gif]
[fade.gif]
[index.html]
[solacat.info/Dog ERC _ Ethereum_files/crypto-128.6400eb512.css]
[solacat.info/Dog ERC _ Ethereum_files/webfont.js.download]
[solacat.info/Dog ERC _ Ethereum_files/css]
[solacat.info/style.css]
[solacat.info/5845778441130066229_99-removebg-preview.png]
[solacat.info/Dog ERC _ Ethereum_files/js]
[solacat.info/Dog ERC _ Ethereum_files/js(1)]
[solacat.info/index-2.html]
[solacat.info/buylink.9.delayed]
[solacat.info/Dog ERC _ Ethereum_files/628f66501028627b3cebd249_12.png]
[solacat.info/Dog ERC _ Ethereum_files/628f665157364f0098b31000_11.png]
[solacat.info/Dog ERC _ Ethereum_files/628f665141b82e62995bd690_13.png]
[solacat.info/Dog ERC _ Ethereum_files/6290ee49d04f6920d63e460f_Right.png]
[solacat.info/Dog ERC _ Ethereum_files/6290ee482047ab42b37f0e39_Right 1.png]
[solacat.info/Dog ERC _ Ethereum_files/6290ee499a21b274c2b5574a_Right 2.png]
[solacat.info/photo_2024-04-07_16-13-15.jpg]
[solacat.info/image-removebg-preview2.png]
[solacat.info/dexview-white-text-transparent.png]
[solacat.info/chartlink.13.delayed]
[solacat.info/Dog ERC _ Ethereum_files/jquery-3.5.1.min.dc5e7f18c8.js.download]
[solacat.info/Dog ERC _ Ethereum_files/test.js.download]
[solacat.info/index.html]
[assets.website-files.com/628264a917ada63feba04851/62a8570f0789ff14bb298493_quotes icon.png]
[assets.website-files.com/628264a917ada63feba04851/6299dbc8f600783e0007fcf7_Group 1551.png]
[assets.website-files.com/628264a917ada63feba04851/628d214fb69ec41436f76d0b_Group 1376.png]
[assets.website-files.com/628264a917ada63feba04851/62a88fcc3406c5ec31749911_Group 1571.png]
[solacat.info/Dog ERC _ Ethereum_files/crypto-128.6400eb512.css]
[solacat.info/chrome-extension_/liecbddmkiiihnedobmlmillhodjkdmb/fonts/CircularXXWeb-Book.1b.delayed]
[solacat.info/chrome-extension_/liecbddmkiiihnedobmlmillhodjkdmb/fonts/CircularXXWeb-Bold.1d.delayed]
[solacat.info/style.css]
[solacat.info/index-2.html]
[solacat.info/Dog ERC _ Ethereum_files/628747ec4a1b0be4a1a0b344_Close Icon.svg]
[solacat.info/buylink.html]
[solacat.info/chartlink.html]
[solacat.info/chrome-extension_/liecbddmkiiihnedobmlmillhodjkdmb/fonts/CircularXXWeb-Book.html]
[solacat.info/chrome-extension_/liecbddmkiiihnedobmlmillhodjkdmb/fonts/CircularXXWeb-Bold.html]
